<?xml version="1.0" encoding="UTF-8"?>
<!-- Generated by org.testng.reporters.JUnitReportReporter -->
<testsuite hostname="vfrankli" failures="0" tests="3" name="com.training.functional.tests.UniformStoreTestSuite" time="113.118" errors="0" timestamp="27 Aug 2019 07:59:43 GMT">
  <testcase classname="com.training.functional.tests.UniformStoreTestSuite" name="UFM_002" time="34.462"/>
  <testcase classname="com.training.functional.tests.UniformStoreTestSuite" name="UFM_003" time="39.124"/>
  <testcase classname="com.training.functional.tests.UniformStoreTestSuite" name="UFM_001" time="39.532"/>
</testsuite> <!-- com.training.functional.tests.UniformStoreTestSuite -->
