<?xml version="1.0" encoding="UTF-8"?>
<!-- Generated by org.testng.reporters.JUnitReportReporter -->
<testsuite hostname="vfrankli" failures="0" tests="1" name="com.training.functional.tests.Log4jDemo" time="0.049" errors="0" timestamp="27 Aug 2019 03:37:23 GMT">
  <testcase classname="com.training.functional.tests.Log4jDemo" name="testcase1" time="0.049"/>
</testsuite> <!-- com.training.functional.tests.Log4jDemo -->
